<?xml version="1.0" encoding="UTF-8"?>
<!-- Generated by org.testng.reporters.JUnitXMLReporter -->
<testsuite ignored="0" hostname="Sagar-PC" failures="1" tests="1" name="ChromeTest" time="47.371" errors="0" timestamp="2021-10-30T04:33:44 PDT">
  <testcase classname="TestClass2.TestClassTestNGHomefb" name="testA" time="29.602">
    <failure type="java.lang.AssertionError" message="expected [https://www.facebook.com/groups/ed/] but found [https://www.facebook.com/groups/feed/]">
      <![CDATA[java.lang.AssertionError: expected [https://www.facebook.com/groups/ed/] but found [https://www.facebook.com/groups/feed/]
at TestClass2.TestClassTestNGHomefb.testA(TestClassTestNGHomefb.java:90)
at java.base/java.util.ArrayList.forEach(ArrayList.java:1511)
... Removed 33 stack frames]]>
    </failure>
  </testcase> <!-- testA -->
</testsuite> <!-- ChromeTest -->
