<?xml version="1.0" encoding="UTF-8"?>
<!-- Generated by org.testng.reporters.JUnitXMLReporter -->
<testsuite ignored="0" hostname="Sagar-PC" failures="0" tests="2" name="Firefox" time="0.279" errors="0" timestamp="2021-11-05T07:12:14 PDT">
  <testcase classname="Kite_zerodha_test_1.Test1" name="@BeforeTest launchBrowser" time="0.174">
    <failure type="java.lang.IllegalStateException" message="The path to the driver executable must be set by the webdriver.gecko.driver system property; for more information, see https://github.com/mozilla/geckodriver. The latest version can be downloaded from https://github.com/mozilla/geckodriver/releases">
      <![CDATA[java.lang.IllegalStateException: The path to the driver executable must be set by the webdriver.gecko.driver system property; for more information, see https://github.com/mozilla/geckodriver. The latest version can be downloaded from https://github.com/mozilla/geckodriver/releases
at com.google.common.base.Preconditions.checkState(Preconditions.java:847)
at org.openqa.selenium.remote.service.DriverService.findExecutable(DriverService.java:134)
at org.openqa.selenium.firefox.GeckoDriverService.access$100(GeckoDriverService.java:44)
at org.openqa.selenium.firefox.GeckoDriverService$Builder.findDefaultExecutable(GeckoDriverService.java:167)
at org.openqa.selenium.remote.service.DriverService$Builder.build(DriverService.java:355)
at org.openqa.selenium.firefox.FirefoxDriver.toExecutor(FirefoxDriver.java:190)
at org.openqa.selenium.firefox.FirefoxDriver.<init>(FirefoxDriver.java:147)
at org.openqa.selenium.firefox.FirefoxDriver.<init>(FirefoxDriver.java:125)
at Project_Base_class.Base_class.initializeFireFoxBrowser(Base_class.java:30)
at Kite_zerodha_test_1.Test1.launchBrowser(Test1.java:44)
... Removed 24 stack frames]]>
    </failure>
  </testcase> <!-- @BeforeTest launchBrowser -->
  <testcase classname="Kite_zerodha_test_1.Test1" name="@BeforeClass initializeBrowser" time="-1.636121533931E9">
    <skipped/>
  </testcase> <!-- @BeforeClass initializeBrowser -->
  <testcase classname="Kite_zerodha_test_1.Test1" name="@AfterMethod logoutAccount" time="-1.636121533963E9">
    <skipped/>
  </testcase> <!-- @AfterMethod logoutAccount -->
  <testcase classname="Kite_zerodha_test_1.Test1" name="@AfterMethod logoutAccount" time="-1.636121533976E9">
    <skipped/>
  </testcase> <!-- @AfterMethod logoutAccount -->
  <testcase classname="Kite_zerodha_test_1.Test1" name="@AfterClass clearObjects" time="-1.636121533981E9">
    <skipped/>
  </testcase> <!-- @AfterClass clearObjects -->
  <testcase classname="Kite_zerodha_test_1.Test1" name="@AfterTest closedBrowser" time="-1.636121533988E9">
    <skipped/>
  </testcase> <!-- @AfterTest closedBrowser -->
  <testcase classname="Kite_zerodha_test_1.Test1" name="verifydashboard" time="0.0">
    <skipped/>
  </testcase> <!-- verifydashboard -->
  <testcase classname="Kite_zerodha_test_1.Test1" name="verifyorder" time="0.0">
    <skipped/>
  </testcase> <!-- verifyorder -->
</testsuite> <!-- Firefox -->
